<?xml version="1.0" encoding="UTF-8"?>
<!-- Generated by org.testng.reporters.JUnitReportReporter -->
<testsuite hostname="LAPTOP-O59DUGVP" failures="0" tests="1" name="andy.whatsapp_training.test2" time="22.855" errors="0" timestamp="2022-04-13T20:19:44 GST" skipped="0">
  <testcase classname="andy.whatsapp_training.test2" name="chatList" time="22.855"/>
  <system-out/>
</testsuite> <!-- andy.whatsapp_training.test2 -->
